<?xml version="1.0" encoding="UTF-8"?>
<!-- Generated by org.testng.reporters.JUnitReportReporter -->
<testsuite hostname="DESKTOP-MSSFI2A" failures="0" tests="1" name="RunnerPackage.IMSRunnerClass" time="29.196" errors="0" timestamp="2024-08-20T22:44:28 SAST" skipped="0">
  <testcase classname="RunnerPackage.IMSRunnerClass" name="runScenario" time="29.196"/>
</testsuite> <!-- RunnerPackage.IMSRunnerClass -->
