<?xml version="1.0" encoding="UTF-8"?>
<!-- Generated by org.testng.reporters.JUnitReportReporter -->
<testsuite hostname="DESKTOP-MSSFI2A" failures="0" tests="1" name="RunnerPackage.TestRunnerIMS" time="18.013" errors="0" timestamp="2024-08-29T22:02:44 SAST" skipped="0">
  <testcase classname="RunnerPackage.TestRunnerIMS" name="runScenario" time="18.013"/>
</testsuite> <!-- RunnerPackage.TestRunnerIMS -->
